This file contains any messages produced by compilers while
running configure, to aid debugging if configure makes a mistake.

It was created by freaky configure 0.1, which was
generated by GNU Autoconf 2.72.  Invocation command line was

  $ ./configure

## --------- ##
## Platform. ##
## --------- ##

hostname = bento
uname -m = x86_64
uname -r = 6.10.10-arch1-1
uname -s = Linux
uname -v = #1 SMP PREEMPT_DYNAMIC Thu, 12 Sep 2024 17:21:02 +0000

/usr/bin/uname -p = unknown
/bin/uname -X     = unknown

/bin/arch              = unknown
/usr/bin/arch -k       = unknown
/usr/convex/getsysinfo = unknown
/usr/bin/hostinfo      = unknown
/bin/machine           = unknown
/usr/bin/oslevel       = unknown
/bin/universe          = unknown

PATH: /home/moby/miniconda3/condabin/
PATH: /home/moby/.local/share/dfx/bin/
PATH: /usr/local/sbin/
PATH: /usr/local/bin/
PATH: /usr/bin/
PATH: /usr/lib/jvm/default/bin/
PATH: /usr/bin/site_perl/
PATH: /usr/bin/vendor_perl/
PATH: /usr/bin/core_perl/
PATH: /usr/lib/rustup/bin/
PATH: /home/moby/.local/bin/


## ----------- ##
## Core tests. ##
## ----------- ##

configure:2110: looking for aux files: compile missing install-sh
configure:2123:  trying ./
configure:2152:   ./compile found
configure:2152:   ./missing found
configure:2134:   ./install-sh found
configure:2282: checking for a BSD-compatible install
configure:2356: result: /usr/bin/install -c
configure:2367: checking whether sleep supports fractional seconds
configure:2383: result: yes
configure:2386: checking filesystem timestamp resolution
configure:2521: result: 0.01
configure:2526: checking whether build environment is sane
configure:2567: result: yes
configure:2738: checking for a race-free mkdir -p
configure:2781: result: /usr/bin/mkdir -p
configure:2788: checking for gawk
configure:2809: found /usr/bin/gawk
configure:2821: result: gawk
configure:2832: checking whether make sets $(MAKE)
configure:2856: result: yes
configure:2882: checking whether make supports nested variables
configure:2901: result: yes
configure:2915: checking xargs -n works
configure:2931: result: yes
configure:3092: checking for gcc
configure:3113: found /usr/bin/gcc
configure:3125: result: gcc
configure:3484: checking for C compiler version
configure:3493: gcc --version >&5
gcc (GCC) 14.2.1 20240910
Copyright (C) 2024 Free Software Foundation, Inc.
This is free software; see the source for copying conditions.  There is NO
warranty; not even for MERCHANTABILITY or FITNESS FOR A PARTICULAR PURPOSE.

configure:3504: $? = 0
configure:3493: gcc -v >&5
Using built-in specs.
COLLECT_GCC=gcc
COLLECT_LTO_WRAPPER=/usr/lib/gcc/x86_64-pc-linux-gnu/14.2.1/lto-wrapper
Target: x86_64-pc-linux-gnu
Configured with: /build/gcc/src/gcc/configure --enable-languages=ada,c,c++,d,fortran,go,lto,m2,objc,obj-c++,rust --enable-bootstrap --prefix=/usr --libdir=/usr/lib --libexecdir=/usr/lib --mandir=/usr/share/man --infodir=/usr/share/info --with-bugurl=https://gitlab.archlinux.org/archlinux/packaging/packages/gcc/-/issues --with-build-config=bootstrap-lto --with-linker-hash-style=gnu --with-system-zlib --enable-__cxa_atexit --enable-cet=auto --enable-checking=release --enable-clocale=gnu --enable-default-pie --enable-default-ssp --enable-gnu-indirect-function --enable-gnu-unique-object --enable-libstdcxx-backtrace --enable-link-serialization=1 --enable-linker-build-id --enable-lto --enable-multilib --enable-plugin --enable-shared --enable-threads=posix --disable-libssp --disable-libstdcxx-pch --disable-werror
Thread model: posix
Supported LTO compression algorithms: zlib zstd
gcc version 14.2.1 20240910 (GCC) 
configure:3504: $? = 0
configure:3493: gcc -V >&5
gcc: error: unrecognized command-line option '-V'
gcc: fatal error: no input files
compilation terminated.
configure:3504: $? = 1
configure:3493: gcc -qversion >&5
gcc: error: unrecognized command-line option '-qversion'; did you mean '--version'?
gcc: fatal error: no input files
compilation terminated.
configure:3504: $? = 1
configure:3493: gcc -version >&5
gcc: error: unrecognized command-line option '-version'
gcc: fatal error: no input files
compilation terminated.
configure:3504: $? = 1
configure:3524: checking whether the C compiler works
configure:3546: gcc    conftest.c  >&5
configure:3550: $? = 0
configure:3601: result: yes
configure:3605: checking for C compiler default output file name
configure:3607: result: a.out
configure:3613: checking for suffix of executables
configure:3620: gcc -o conftest    conftest.c  >&5
configure:3624: $? = 0
configure:3648: result: 
configure:3672: checking whether we are cross compiling
configure:3680: gcc -o conftest    conftest.c  >&5
configure:3684: $? = 0
configure:3691: ./conftest
configure:3695: $? = 0
configure:3710: result: no
configure:3716: checking for suffix of object files
configure:3739: gcc -c   conftest.c >&5
configure:3743: $? = 0
configure:3767: result: o
configure:3771: checking whether the compiler supports GNU C
configure:3791: gcc -c   conftest.c >&5
configure:3791: $? = 0
configure:3803: result: yes
configure:3814: checking whether gcc accepts -g
configure:3835: gcc -c -g  conftest.c >&5
configure:3835: $? = 0
configure:3882: result: yes
configure:3902: checking for gcc option to enable C11 features
configure:3917: gcc  -c -g -O2  conftest.c >&5
configure:3917: $? = 0
configure:3936: result: none needed
configure:4060: checking whether gcc understands -c and -o together
configure:4083: gcc -c conftest.c -o conftest2.o
configure:4086: $? = 0
configure:4083: gcc -c conftest.c -o conftest2.o
configure:4086: $? = 0
configure:4099: result: yes
configure:4119: checking whether make supports the include directive
configure:4134: make -f confmf.GNU && cat confinc.out
this is the am__doit target
configure:4137: $? = 0
configure:4156: result: yes (GNU style)
configure:4182: checking dependency style of gcc
configure:4295: result: gcc3
configure:4447: checking that generated files are newer than configure
configure:4453: result: done
configure:4488: creating ./config.status

## ---------------------- ##
## Running config.status. ##
## ---------------------- ##

This file was extended by freaky config.status 0.1, which was
generated by GNU Autoconf 2.72.  Invocation command line was

  CONFIG_FILES    = 
  CONFIG_HEADERS  = 
  CONFIG_LINKS    = 
  CONFIG_COMMANDS = 
  $ ./config.status 

on bento

config.status:774: creating Makefile
config.status:946: executing depfiles commands
config.status:1023: cd .       && sed -e '/# am--include-marker/d' Makefile         | make -f - am--depfiles
make: Nothing to be done for 'am--depfiles'.
config.status:1028: $? = 0

## ---------------- ##
## Cache variables. ##
## ---------------- ##

ac_cv_c_compiler_gnu=yes
ac_cv_env_CC_set=
ac_cv_env_CC_value=
ac_cv_env_CFLAGS_set=
ac_cv_env_CFLAGS_value=
ac_cv_env_CPPFLAGS_set=
ac_cv_env_CPPFLAGS_value=
ac_cv_env_LDFLAGS_set=
ac_cv_env_LDFLAGS_value=
ac_cv_env_LIBS_set=
ac_cv_env_LIBS_value=
ac_cv_env_build_alias_set=
ac_cv_env_build_alias_value=
ac_cv_env_host_alias_set=
ac_cv_env_host_alias_value=
ac_cv_env_target_alias_set=
ac_cv_env_target_alias_value=
ac_cv_objext=o
ac_cv_path_install='/usr/bin/install -c'
ac_cv_path_mkdir=/usr/bin/mkdir
ac_cv_prog_AWK=gawk
ac_cv_prog_ac_ct_CC=gcc
ac_cv_prog_cc_c11=
ac_cv_prog_cc_g=yes
ac_cv_prog_cc_stdc=
ac_cv_prog_make_make_set=yes
am_cv_CC_dependencies_compiler_type=gcc3
am_cv_filesystem_timestamp_resolution=0.01
am_cv_make_support_nested_variables=yes
am_cv_prog_cc_c_o=yes
am_cv_sleep_fractional_seconds=yes
am_cv_xargs_n_works=yes

## ----------------- ##
## Output variables. ##
## ----------------- ##

ACLOCAL='${SHELL} '\''/home/moby/programming/c/freaky-0.1/missing'\'' aclocal-1.17'
AMDEPBACKSLASH='\'
AMDEP_FALSE='#'
AMDEP_TRUE=''
AMTAR='$${TAR-tar}'
AM_BACKSLASH='\'
AM_DEFAULT_V='$(AM_DEFAULT_VERBOSITY)'
AM_DEFAULT_VERBOSITY='1'
AM_V='$(V)'
AUTOCONF='${SHELL} '\''/home/moby/programming/c/freaky-0.1/missing'\'' autoconf'
AUTOHEADER='${SHELL} '\''/home/moby/programming/c/freaky-0.1/missing'\'' autoheader'
AUTOMAKE='${SHELL} '\''/home/moby/programming/c/freaky-0.1/missing'\'' automake-1.17'
AWK='gawk'
CC='gcc'
CCDEPMODE='depmode=gcc3'
CFLAGS='-g -O2'
CPPFLAGS=''
CSCOPE='cscope'
CTAGS='ctags'
CYGPATH_W='echo'
DEFS='-DPACKAGE_NAME=\"freaky\" -DPACKAGE_TARNAME=\"freaky\" -DPACKAGE_VERSION=\"0.1\" -DPACKAGE_STRING=\"freaky\ 0.1\" -DPACKAGE_BUGREPORT=\"chrispaul.tar.gz@proton.me\" -DPACKAGE_URL=\"\" -DPACKAGE=\"freaky\" -DVERSION=\"0.1\"'
DEPDIR='.deps'
ECHO_C=''
ECHO_N='-n'
ECHO_T=''
ETAGS='etags'
EXEEXT=''
INSTALL_DATA='${INSTALL} -m 644'
INSTALL_PROGRAM='${INSTALL}'
INSTALL_SCRIPT='${INSTALL}'
INSTALL_STRIP_PROGRAM='$(install_sh) -c -s'
LDFLAGS=''
LIBOBJS=''
LIBS=''
LTLIBOBJS=''
MAKEINFO='${SHELL} '\''/home/moby/programming/c/freaky-0.1/missing'\'' makeinfo'
MKDIR_P='/usr/bin/mkdir -p'
OBJEXT='o'
PACKAGE='freaky'
PACKAGE_BUGREPORT='chrispaul.tar.gz@proton.me'
PACKAGE_NAME='freaky'
PACKAGE_STRING='freaky 0.1'
PACKAGE_TARNAME='freaky'
PACKAGE_URL=''
PACKAGE_VERSION='0.1'
PATH_SEPARATOR=':'
SET_MAKE=''
SHELL='/bin/sh'
STRIP=''
VERSION='0.1'
ac_ct_CC='gcc'
am__EXEEXT_FALSE=''
am__EXEEXT_TRUE='#'
am__fastdepCC_FALSE='#'
am__fastdepCC_TRUE=''
am__include='include'
am__isrc=''
am__leading_dot='.'
am__nodep='_no'
am__quote=''
am__rm_f_notfound=''
am__tar='$${TAR-tar} chof - "$$tardir"'
am__untar='$${TAR-tar} xf -'
am__xargs_n='xargs -n'
bindir='${exec_prefix}/bin'
build_alias=''
datadir='${datarootdir}'
datarootdir='${prefix}/share'
docdir='${datarootdir}/doc/${PACKAGE_TARNAME}'
dvidir='${docdir}'
exec_prefix='${prefix}'
host_alias=''
htmldir='${docdir}'
includedir='${prefix}/include'
infodir='${datarootdir}/info'
install_sh='${SHELL} /home/moby/programming/c/freaky-0.1/install-sh'
libdir='${exec_prefix}/lib'
libexecdir='${exec_prefix}/libexec'
localedir='${datarootdir}/locale'
localstatedir='${prefix}/var'
mandir='${datarootdir}/man'
mkdir_p='$(MKDIR_P)'
oldincludedir='/usr/include'
pdfdir='${docdir}'
prefix='/usr/local'
program_transform_name='s,x,x,'
psdir='${docdir}'
runstatedir='${localstatedir}/run'
sbindir='${exec_prefix}/sbin'
sharedstatedir='${prefix}/com'
sysconfdir='${prefix}/etc'
target_alias=''

## ----------- ##
## confdefs.h. ##
## ----------- ##

/* confdefs.h */
#define PACKAGE_NAME "freaky"
#define PACKAGE_TARNAME "freaky"
#define PACKAGE_VERSION "0.1"
#define PACKAGE_STRING "freaky 0.1"
#define PACKAGE_BUGREPORT "chrispaul.tar.gz@proton.me"
#define PACKAGE_URL ""
#define PACKAGE "freaky"
#define VERSION "0.1"

configure: exit 0
